app/build/outputs/logs/manifest-merger-debug-report.txt
-- Merging decision tree log ---
manifest
ADDED from src/main/AndroidManifest.xml:2:1-29:12
INJECTED from src/main/AndroidManifest.xml:2:1-29:12
INJECTED from src/main/AndroidManifest.xml:2:1-29:12
INJECTED from src/main/AndroidManifest.xml:2:1-29:12
MERGED from [com.github.actor20170211030627:MyAndroidFrameWork:1.2.7] AndroidManifest.xml:2:1-42:12
MERGED from [com.yanzhenjie:album:2.1.3] AndroidManifest.xml:17:1-73:12
MERGED from [com.jaeger.statusbarutil:library:1.5.1] AndroidManifest.xml:2:1-13:12
MERGED from [com.android.support:design:28.0.0] AndroidManifest.xml:17:1-24:12
MERGED from [com.ruffian.library:RWidgetHelper:1.1.0] AndroidManifest.xml:2:1-11:12
MERGED from [com.android.support:appcompat-v7:28.0.0] AndroidManifest.xml:17:1-22:12
MERGED from [com.android.support:support-v4:28.0.0] AndroidManifest.xml:17:1-22:12
MERGED from [com.android.support.constraint:constraint-layout:1.1.3] AndroidManifest.xml:2:1-11:12
MERGED from [com.jakewharton:butterknife:8.8.1] AndroidManifest.xml:2:1-7:12
MERGED from [:chatlayout] AndroidManifest.xml:2:1-22:12
MERGED from [com.github.bumptech.glide:glide:4.9.0] AndroidManifest.xml:2:1-12:12
MERGED from [com.yanzhenjie.permission:support:2.0.1] AndroidManifest.xml:17:1-40:12
MERGED from [com.android.support:support-fragment:28.0.0] AndroidManifest.xml:17:1-22:12
MERGED from [com.android.support:animated-vector-drawable:28.0.0] AndroidManifest.xml:17:1-22:12
MERGED from [com.android.support:recyclerview-v7:28.0.0] AndroidManifest.xml:17:1-22:12
MERGED from [com.android.support:support-core-ui:28.0.0] AndroidManifest.xml:17:1-22:12
MERGED from [com.android.support:support-core-utils:28.0.0] AndroidManifest.xml:17:1-22:12
MERGED from [com.android.support:support-vector-drawable:28.0.0] AndroidManifest.xml:17:1-22:12
MERGED from [com.android.support:transition:28.0.0] AndroidManifest.xml:17:1-22:12
MERGED from [com.android.support:support-media-compat:28.0.0] AndroidManifest.xml:17:1-22:12
MERGED from [com.android.support:loader:28.0.0] AndroidManifest.xml:17:1-22:12
MERGED from [com.android.support:viewpager:28.0.0] AndroidManifest.xml:17:1-22:12
MERGED from [com.android.support:coordinatorlayout:28.0.0] AndroidManifest.xml:17:1-22:12
MERGED from [com.android.support:drawerlayout:28.0.0] AndroidManifest.xml:17:1-22:12
MERGED from [com.android.support:slidingpanelayout:28.0.0] AndroidManifest.xml:17:1-22:12
MERGED from [com.android.support:customview:28.0.0] AndroidManifest.xml:17:1-22:12
MERGED from [com.android.support:swiperefreshlayout:28.0.0] AndroidManifest.xml:17:1-22:12
MERGED from [com.android.support:asynclayoutinflater:28.0.0] AndroidManifest.xml:17:1-22:12
MERGED from [com.android.support:support-compat:28.0.0] AndroidManifest.xml:17:1-24:12
MERGED from [com.android.support:versionedparcelable:28.0.0] AndroidManifest.xml:17:1-25:12
MERGED from [com.android.support:cursoradapter:28.0.0] AndroidManifest.xml:17:1-22:12
MERGED from [com.android.support:cardview-v7:28.0.0] AndroidManifest.xml:17:1-22:12
MERGED from [com.contrarywind:Android-PickerView:4.1.8] AndroidManifest.xml:2:1-11:12
MERGED from [android.arch.lifecycle:runtime:1.1.1] AndroidManifest.xml:17:1-22:12
MERGED from [com.android.support:documentfile:28.0.0] AndroidManifest.xml:17:1-22:12
MERGED from [com.android.support:localbroadcastmanager:28.0.0] AndroidManifest.xml:17:1-22:12
MERGED from [com.android.support:print:28.0.0] AndroidManifest.xml:17:1-22:12
MERGED from [android.arch.lifecycle:viewmodel:1.1.1] AndroidManifest.xml:17:1-22:12
MERGED from [com.android.support:interpolator:28.0.0] AndroidManifest.xml:17:1-22:12
MERGED from [com.github.bumptech.glide:gifdecoder:4.9.0] AndroidManifest.xml:2:1-11:12
MERGED from [com.contrarywind:wheelview:4.0.9] AndroidManifest.xml:2:1-11:12
MERGED from [android.arch.lifecycle:livedata:1.1.1] AndroidManifest.xml:17:1-22:12
MERGED from [android.arch.lifecycle:livedata-core:1.1.1] AndroidManifest.xml:17:1-22:12
MERGED from [android.arch.core:runtime:1.1.1] AndroidManifest.xml:17:1-22:12
MERGED from [com.github.CymChad:BaseRecyclerViewAdapterHelper:2.9.50] AndroidManifest.xml:2:1-11:12
MERGED from [com.github.anzaizai:EasySwipeMenuLayout:1.1.4] AndroidManifest.xml:2:1-14:12
MERGED from [com.zhy:okhttputils:2.6.2] AndroidManifest.xml:2:1-11:12
MERGED from [com.youth.banner:banner:1.4.10] AndroidManifest.xml:2:1-11:12
MERGED from [com.blankj:utilcode:1.25.9] AndroidManifest.xml:2:1-35:12
MERGED from [com.flyco.dialog:FlycoDialog_Lib:1.3.2] AndroidManifest.xml:2:1-11:12
MERGED from [me.jessyan:progressmanager:1.5.0] AndroidManifest.xml:2:1-11:12
MERGED from [com.yanzhenjie:mediascanner:1.0.3] AndroidManifest.xml:17:1-25:12
INJECTED from src/main/AndroidManifest.xml:2:1-29:12
INJECTED from src/main/AndroidManifest.xml:2:1-29:12
INJECTED from src/main/AndroidManifest.xml:2:1-29:12
	package
		ADDED from src/main/AndroidManifest.xml:3:5-37
		INJECTED from src/main/AndroidManifest.xml
		INJECTED from src/main/AndroidManifest.xml
	android:versionName
		INJECTED from src/main/AndroidManifest.xml
		ADDED from src/main/AndroidManifest.xml:2:1-29:12
		INJECTED from src/main/AndroidManifest.xml
	android:versionCode
		INJECTED from src/main/AndroidManifest.xml
		ADDED from src/main/AndroidManifest.xml:2:1-29:12
		INJECTED from src/main/AndroidManifest.xml
	xmlns:android
		ADDED from src/main/AndroidManifest.xml:2:11-69
uses-permission#android.permission.INTERNET
ADDED from src/main/AndroidManifest.xml:5:5-67
MERGED from [com.github.actor20170211030627:MyAndroidFrameWork:1.2.7] AndroidManifest.xml:13:5-67
MERGED from [com.github.actor20170211030627:MyAndroidFrameWork:1.2.7] AndroidManifest.xml:13:5-67
	android:name
		ADDED from src/main/AndroidManifest.xml:5:22-64
uses-permission#android.permission.SYSTEM_ALERT_WINDOW
ADDED from src/main/AndroidManifest.xml:6:5-78
	android:name
		ADDED from src/main/AndroidManifest.xml:6:22-75
application
ADDED from src/main/AndroidManifest.xml:8:5-27:19
MERGED from [com.github.actor20170211030627:MyAndroidFrameWork:1.2.7] AndroidManifest.xml:30:5-40:19
MERGED from [com.github.actor20170211030627:MyAndroidFrameWork:1.2.7] AndroidManifest.xml:30:5-40:19
MERGED from [com.yanzhenjie:album:2.1.3] AndroidManifest.xml:29:5-71:19
MERGED from [com.yanzhenjie:album:2.1.3] AndroidManifest.xml:29:5-71:19
MERGED from [com.jaeger.statusbarutil:library:1.5.1] AndroidManifest.xml:11:5-20
MERGED from [com.jaeger.statusbarutil:library:1.5.1] AndroidManifest.xml:11:5-20
MERGED from [com.android.support:design:28.0.0] AndroidManifest.xml:22:5-20
MERGED from [com.android.support:design:28.0.0] AndroidManifest.xml:22:5-20
MERGED from [com.android.support.constraint:constraint-layout:1.1.3] AndroidManifest.xml:9:5-20
MERGED from [com.android.support.constraint:constraint-layout:1.1.3] AndroidManifest.xml:9:5-20
MERGED from [:chatlayout] AndroidManifest.xml:16:5-20:19
MERGED from [:chatlayout] AndroidManifest.xml:16:5-20:19
MERGED from [com.github.bumptech.glide:glide:4.9.0] AndroidManifest.xml:10:5-20
MERGED from [com.github.bumptech.glide:glide:4.9.0] AndroidManifest.xml:10:5-20
MERGED from [com.yanzhenjie.permission:support:2.0.1] AndroidManifest.xml:24:5-38:19
MERGED from [com.yanzhenjie.permission:support:2.0.1] AndroidManifest.xml:24:5-38:19
MERGED from [com.android.support:support-compat:28.0.0] AndroidManifest.xml:22:5-94
MERGED from [com.android.support:support-compat:28.0.0] AndroidManifest.xml:22:5-94
MERGED from [com.android.support:versionedparcelable:28.0.0] AndroidManifest.xml:22:5-23:19
MERGED from [com.android.support:versionedparcelable:28.0.0] AndroidManifest.xml:22:5-23:19
MERGED from [com.github.bumptech.glide:gifdecoder:4.9.0] AndroidManifest.xml:9:5-20
MERGED from [com.github.bumptech.glide:gifdecoder:4.9.0] AndroidManifest.xml:9:5-20
MERGED from [com.github.anzaizai:EasySwipeMenuLayout:1.1.4] AndroidManifest.xml:11:5-12:19
MERGED from [com.github.anzaizai:EasySwipeMenuLayout:1.1.4] AndroidManifest.xml:11:5-12:19
MERGED from [com.blankj:utilcode:1.25.9] AndroidManifest.xml:9:5-33:19
MERGED from [com.blankj:utilcode:1.25.9] AndroidManifest.xml:9:5-33:19
	android:appComponentFactory
		ADDED from [com.android.support:support-compat:28.0.0] AndroidManifest.xml:22:18-91
	android:supportsRtl
		ADDED from src/main/AndroidManifest.xml:13:9-35
	android:label
		ADDED from src/main/AndroidManifest.xml:12:9-41
	android:icon
		ADDED from src/main/AndroidManifest.xml:11:9-43
	android:allowBackup
		ADDED from src/main/AndroidManifest.xml:10:9-35
	android:networkSecurityConfig
		ADDED from [com.github.actor20170211030627:MyAndroidFrameWork:1.2.7] AndroidManifest.xml:31:9-69
	android:theme
		ADDED from src/main/AndroidManifest.xml:14:9-40
	android:usesCleartextTraffic
		ADDED from [com.github.actor20170211030627:MyAndroidFrameWork:1.2.7] AndroidManifest.xml:32:9-44
	android:name
		ADDED from src/main/AndroidManifest.xml:9:9-44
activity#com.chatlayout.example.activity.LoginActivity
ADDED from src/main/AndroidManifest.xml:15:9-21:20
	android:name
		ADDED from src/main/AndroidManifest.xml:15:19-57
intent-filter#action:name:android.intent.action.MAIN+category:name:android.intent.category.LAUNCHER
ADDED from src/main/AndroidManifest.xml:16:13-20:29
action#android.intent.action.MAIN
ADDED from src/main/AndroidManifest.xml:17:17-69
	android:name
		ADDED from src/main/AndroidManifest.xml:17:25-66
category#android.intent.category.LAUNCHER
ADDED from src/main/AndroidManifest.xml:19:17-77
	android:name
		ADDED from src/main/AndroidManifest.xml:19:27-74
activity#com.chatlayout.example.activity.MainActivity
ADDED from src/main/AndroidManifest.xml:22:9-24:52
	android:screenOrientation
		ADDED from src/main/AndroidManifest.xml:24:13-49
	android:name
		ADDED from src/main/AndroidManifest.xml:23:13-50
service#com.chatlayout.example.service.CheckUpdateService
ADDED from src/main/AndroidManifest.xml:26:9-63
	android:name
		ADDED from src/main/AndroidManifest.xml:26:18-60
uses-sdk
INJECTED from src/main/AndroidManifest.xml reason: use-sdk injection requested
INJECTED from src/main/AndroidManifest.xml
INJECTED from src/main/AndroidManifest.xml
MERGED from [com.github.actor20170211030627:MyAndroidFrameWork:1.2.7] AndroidManifest.xml:8:5-10:41
MERGED from [com.github.actor20170211030627:MyAndroidFrameWork:1.2.7] AndroidManifest.xml:8:5-10:41
MERGED from [com.yanzhenjie:album:2.1.3] AndroidManifest.xml:20:5-22:41
MERGED from [com.yanzhenjie:album:2.1.3] AndroidManifest.xml:20:5-22:41
MERGED from [com.jaeger.statusbarutil:library:1.5.1] AndroidManifest.xml:7:5-9:41
MERGED from [com.jaeger.statusbarutil:library:1.5.1] AndroidManifest.xml:7:5-9:41
MERGED from [com.android.support:design:28.0.0] AndroidManifest.xml:20:5-44
MERGED from [com.android.support:design:28.0.0] AndroidManifest.xml:20:5-44
MERGED from [com.ruffian.library:RWidgetHelper:1.1.0] AndroidManifest.xml:7:5-9:41
MERGED from [com.ruffian.library:RWidgetHelper:1.1.0] AndroidManifest.xml:7:5-9:41
MERGED from [com.android.support:appcompat-v7:28.0.0] AndroidManifest.xml:20:5-44
MERGED from [com.android.support:appcompat-v7:28.0.0] AndroidManifest.xml:20:5-44
MERGED from [com.android.support:support-v4:28.0.0] AndroidManifest.xml:20:5-44
MERGED from [com.android.support:support-v4:28.0.0] AndroidManifest.xml:20:5-44
MERGED from [com.android.support.constraint:constraint-layout:1.1.3] AndroidManifest.xml:5:5-7:41
MERGED from [com.android.support.constraint:constraint-layout:1.1.3] AndroidManifest.xml:5:5-7:41
MERGED from [com.jakewharton:butterknife:8.8.1] AndroidManifest.xml:5:5-43
MERGED from [com.jakewharton:butterknife:8.8.1] AndroidManifest.xml:5:5-43
MERGED from [:chatlayout] AndroidManifest.xml:7:5-9:41
MERGED from [:chatlayout] AndroidManifest.xml:7:5-9:41
MERGED from [com.github.bumptech.glide:glide:4.9.0] AndroidManifest.xml:6:5-8:41
MERGED from [com.github.bumptech.glide:glide:4.9.0] AndroidManifest.xml:6:5-8:41
MERGED from [com.yanzhenjie.permission:support:2.0.1] AndroidManifest.xml:20:5-22:41
MERGED from [com.yanzhenjie.permission:support:2.0.1] AndroidManifest.xml:20:5-22:41
MERGED from [com.android.support:support-fragment:28.0.0] AndroidManifest.xml:20:5-44
MERGED from [com.android.support:support-fragment:28.0.0] AndroidManifest.xml:20:5-44
MERGED from [com.android.support:animated-vector-drawable:28.0.0] AndroidManifest.xml:20:5-44
MERGED from [com.android.support:animated-vector-drawable:28.0.0] AndroidManifest.xml:20:5-44
MERGED from [com.android.support:recyclerview-v7:28.0.0] AndroidManifest.xml:20:5-44
MERGED from [com.android.support:recyclerview-v7:28.0.0] AndroidManifest.xml:20:5-44
MERGED from [com.android.support:support-core-ui:28.0.0] AndroidManifest.xml:20:5-44
MERGED from [com.android.support:support-core-ui:28.0.0] AndroidManifest.xml:20:5-44
MERGED from [com.android.support:support-core-utils:28.0.0] AndroidManifest.xml:20:5-44
MERGED from [com.android.support:support-core-utils:28.0.0] AndroidManifest.xml:20:5-44
MERGED from [com.android.support:support-vector-drawable:28.0.0] AndroidManifest.xml:20:5-44
MERGED from [com.android.support:support-vector-drawable:28.0.0] AndroidManifest.xml:20:5-44
MERGED from [com.android.support:transition:28.0.0] AndroidManifest.xml:20:5-44
MERGED from [com.android.support:transition:28.0.0] AndroidManifest.xml:20:5-44
MERGED from [com.android.support:support-media-compat:28.0.0] AndroidManifest.xml:20:5-44
MERGED from [com.android.support:support-media-compat:28.0.0] AndroidManifest.xml:20:5-44
MERGED from [com.android.support:loader:28.0.0] AndroidManifest.xml:20:5-44
MERGED from [com.android.support:loader:28.0.0] AndroidManifest.xml:20:5-44
MERGED from [com.android.support:viewpager:28.0.0] AndroidManifest.xml:20:5-44
MERGED from [com.android.support:viewpager:28.0.0] AndroidManifest.xml:20:5-44
MERGED from [com.android.support:coordinatorlayout:28.0.0] AndroidManifest.xml:20:5-44
MERGED from [com.android.support:coordinatorlayout:28.0.0] AndroidManifest.xml:20:5-44
MERGED from [com.android.support:drawerlayout:28.0.0] AndroidManifest.xml:20:5-44
MERGED from [com.android.support:drawerlayout:28.0.0] AndroidManifest.xml:20:5-44
MERGED from [com.android.support:slidingpanelayout:28.0.0] AndroidManifest.xml:20:5-44
MERGED from [com.android.support:slidingpanelayout:28.0.0] AndroidManifest.xml:20:5-44
MERGED from [com.android.support:customview:28.0.0] AndroidManifest.xml:20:5-44
MERGED from [com.android.support:customview:28.0.0] AndroidManifest.xml:20:5-44
MERGED from [com.android.support:swiperefreshlayout:28.0.0] AndroidManifest.xml:20:5-44
MERGED from [com.android.support:swiperefreshlayout:28.0.0] AndroidManifest.xml:20:5-44
MERGED from [com.android.support:asynclayoutinflater:28.0.0] AndroidManifest.xml:20:5-44
MERGED from [com.android.support:asynclayoutinflater:28.0.0] AndroidManifest.xml:20:5-44
MERGED from [com.android.support:support-compat:28.0.0] AndroidManifest.xml:20:5-44
MERGED from [com.android.support:support-compat:28.0.0] AndroidManifest.xml:20:5-44
MERGED from [com.android.support:versionedparcelable:28.0.0] AndroidManifest.xml:20:5-44
MERGED from [com.android.support:versionedparcelable:28.0.0] AndroidManifest.xml:20:5-44
MERGED from [com.android.support:cursoradapter:28.0.0] AndroidManifest.xml:20:5-44
MERGED from [com.android.support:cursoradapter:28.0.0] AndroidManifest.xml:20:5-44
MERGED from [com.android.support:cardview-v7:28.0.0] AndroidManifest.xml:20:5-44
MERGED from [com.android.support:cardview-v7:28.0.0] AndroidManifest.xml:20:5-44
MERGED from [com.contrarywind:Android-PickerView:4.1.8] AndroidManifest.xml:7:5-9:41
MERGED from [com.contrarywind:Android-PickerView:4.1.8] AndroidManifest.xml:7:5-9:41
MERGED from [android.arch.lifecycle:runtime:1.1.1] AndroidManifest.xml:20:5-44
MERGED from [android.arch.lifecycle:runtime:1.1.1] AndroidManifest.xml:20:5-44
MERGED from [com.android.support:documentfile:28.0.0] AndroidManifest.xml:20:5-44
MERGED from [com.android.support:documentfile:28.0.0] AndroidManifest.xml:20:5-44
MERGED from [com.android.support:localbroadcastmanager:28.0.0] AndroidManifest.xml:20:5-44
MERGED from [com.android.support:localbroadcastmanager:28.0.0] AndroidManifest.xml:20:5-44
MERGED from [com.android.support:print:28.0.0] AndroidManifest.xml:20:5-44
MERGED from [com.android.support:print:28.0.0] AndroidManifest.xml:20:5-44
MERGED from [android.arch.lifecycle:viewmodel:1.1.1] AndroidManifest.xml:20:5-44
MERGED from [android.arch.lifecycle:viewmodel:1.1.1] AndroidManifest.xml:20:5-44
MERGED from [com.android.support:interpolator:28.0.0] AndroidManifest.xml:20:5-44
MERGED from [com.android.support:interpolator:28.0.0] AndroidManifest.xml:20:5-44
MERGED from [com.github.bumptech.glide:gifdecoder:4.9.0] AndroidManifest.xml:5:5-7:41
MERGED from [com.github.bumptech.glide:gifdecoder:4.9.0] AndroidManifest.xml:5:5-7:41
MERGED from [com.contrarywind:wheelview:4.0.9] AndroidManifest.xml:7:5-9:41
MERGED from [com.contrarywind:wheelview:4.0.9] AndroidManifest.xml:7:5-9:41
MERGED from [android.arch.lifecycle:livedata:1.1.1] AndroidManifest.xml:20:5-44
MERGED from [android.arch.lifecycle:livedata:1.1.1] AndroidManifest.xml:20:5-44
MERGED from [android.arch.lifecycle:livedata-core:1.1.1] AndroidManifest.xml:20:5-44
MERGED from [android.arch.lifecycle:livedata-core:1.1.1] AndroidManifest.xml:20:5-44
MERGED from [android.arch.core:runtime:1.1.1] AndroidManifest.xml:20:5-44
MERGED from [android.arch.core:runtime:1.1.1] AndroidManifest.xml:20:5-44
MERGED from [com.github.CymChad:BaseRecyclerViewAdapterHelper:2.9.50] AndroidManifest.xml:7:5-9:41
MERGED from [com.github.CymChad:BaseRecyclerViewAdapterHelper:2.9.50] AndroidManifest.xml:7:5-9:41
MERGED from [com.github.anzaizai:EasySwipeMenuLayout:1.1.4] AndroidManifest.xml:7:5-9:41
MERGED from [com.github.anzaizai:EasySwipeMenuLayout:1.1.4] AndroidManifest.xml:7:5-9:41
MERGED from [com.zhy:okhttputils:2.6.2] AndroidManifest.xml:7:5-9:41
MERGED from [com.zhy:okhttputils:2.6.2] AndroidManifest.xml:7:5-9:41
MERGED from [com.youth.banner:banner:1.4.10] AndroidManifest.xml:7:5-9:41
MERGED from [com.youth.banner:banner:1.4.10] AndroidManifest.xml:7:5-9:41
MERGED from [com.blankj:utilcode:1.25.9] AndroidManifest.xml:7:5-44
MERGED from [com.blankj:utilcode:1.25.9] AndroidManifest.xml:7:5-44
MERGED from [com.flyco.dialog:FlycoDialog_Lib:1.3.2] AndroidManifest.xml:7:5-9:41
MERGED from [com.flyco.dialog:FlycoDialog_Lib:1.3.2] AndroidManifest.xml:7:5-9:41
MERGED from [me.jessyan:progressmanager:1.5.0] AndroidManifest.xml:7:5-9:41
MERGED from [me.jessyan:progressmanager:1.5.0] AndroidManifest.xml:7:5-9:41
MERGED from [com.yanzhenjie:mediascanner:1.0.3] AndroidManifest.xml:21:5-23:41
MERGED from [com.yanzhenjie:mediascanner:1.0.3] AndroidManifest.xml:21:5-23:41
INJECTED from src/main/AndroidManifest.xml
INJECTED from src/main/AndroidManifest.xml
	android:targetSdkVersion
		INJECTED from src/main/AndroidManifest.xml
		ADDED from src/main/AndroidManifest.xml
		INJECTED from src/main/AndroidManifest.xml
	android:minSdkVersion
		INJECTED from src/main/AndroidManifest.xml
		ADDED from src/main/AndroidManifest.xml
		INJECTED from src/main/AndroidManifest.xml
uses-permission#android.permission.READ_EXTERNAL_STORAGE
ADDED from [com.github.actor20170211030627:MyAndroidFrameWork:1.2.7] AndroidManifest.xml:14:5-80
MERGED from [com.yanzhenjie:album:2.1.3] AndroidManifest.xml:25:5-80
MERGED from [com.yanzhenjie:album:2.1.3] AndroidManifest.xml:25:5-80
MERGED from [:chatlayout] AndroidManifest.xml:13:5-80
MERGED from [:chatlayout] AndroidManifest.xml:13:5-80
	android:name
		ADDED from [com.github.actor20170211030627:MyAndroidFrameWork:1.2.7] AndroidManifest.xml:14:22-77
uses-permission#android.permission.WRITE_EXTERNAL_STORAGE
ADDED from [com.github.actor20170211030627:MyAndroidFrameWork:1.2.7] AndroidManifest.xml:16:5-81
MERGED from [com.yanzhenjie:album:2.1.3] AndroidManifest.xml:26:5-81
MERGED from [com.yanzhenjie:album:2.1.3] AndroidManifest.xml:26:5-81
MERGED from [:chatlayout] AndroidManifest.xml:14:5-81
MERGED from [:chatlayout] AndroidManifest.xml:14:5-81
	android:name
		ADDED from [com.github.actor20170211030627:MyAndroidFrameWork:1.2.7] AndroidManifest.xml:16:22-78
uses-permission#android.permission.MOUNT_UNMOUNT_FILESYSTEMS
ADDED from [com.github.actor20170211030627:MyAndroidFrameWork:1.2.7] AndroidManifest.xml:18:5-20:47
	tools:ignore
		ADDED from [com.github.actor20170211030627:MyAndroidFrameWork:1.2.7] AndroidManifest.xml:20:9-44
	android:name
		ADDED from [com.github.actor20170211030627:MyAndroidFrameWork:1.2.7] AndroidManifest.xml:19:9-68
uses-permission#android.permission.CAMERA
ADDED from [com.github.actor20170211030627:MyAndroidFrameWork:1.2.7] AndroidManifest.xml:23:5-65
MERGED from [com.yanzhenjie:album:2.1.3] AndroidManifest.xml:24:5-65
MERGED from [com.yanzhenjie:album:2.1.3] AndroidManifest.xml:24:5-65
	android:name
		ADDED from [com.github.actor20170211030627:MyAndroidFrameWork:1.2.7] AndroidManifest.xml:23:22-62
activity#com.actor.myandroidframework.widget.floatingeditor.FloatEditorActivity
ADDED from [com.github.actor20170211030627:MyAndroidFrameWork:1.2.7] AndroidManifest.xml:36:9-39:77
	android:windowSoftInputMode
		ADDED from [com.github.actor20170211030627:MyAndroidFrameWork:1.2.7] AndroidManifest.xml:39:13-74
	android:theme
		ADDED from [com.github.actor20170211030627:MyAndroidFrameWork:1.2.7] AndroidManifest.xml:38:13-54
	android:name
		ADDED from [com.github.actor20170211030627:MyAndroidFrameWork:1.2.7] AndroidManifest.xml:37:13-98
uses-permission#android.permission.RECORD_AUDIO
ADDED from [com.yanzhenjie:album:2.1.3] AndroidManifest.xml:27:5-71
MERGED from [:chatlayout] AndroidManifest.xml:12:5-71
MERGED from [:chatlayout] AndroidManifest.xml:12:5-71
	android:name
		ADDED from [com.yanzhenjie:album:2.1.3] AndroidManifest.xml:27:22-68
activity#com.yanzhenjie.album.app.album.AlbumActivity
ADDED from [com.yanzhenjie:album:2.1.3] AndroidManifest.xml:30:9-34:75
	android:windowSoftInputMode
		ADDED from [com.yanzhenjie:album:2.1.3] AndroidManifest.xml:34:13-72
	android:configChanges
		ADDED from [com.yanzhenjie:album:2.1.3] AndroidManifest.xml:32:13-59
	android:theme
		ADDED from [com.yanzhenjie:album:2.1.3] AndroidManifest.xml:33:13-56
	android:name
		ADDED from [com.yanzhenjie:album:2.1.3] AndroidManifest.xml:31:13-72
activity#com.yanzhenjie.album.app.album.GalleryActivity
ADDED from [com.yanzhenjie:album:2.1.3] AndroidManifest.xml:35:9-39:75
	android:windowSoftInputMode
		ADDED from [com.yanzhenjie:album:2.1.3] AndroidManifest.xml:39:13-72
	android:configChanges
		ADDED from [com.yanzhenjie:album:2.1.3] AndroidManifest.xml:37:13-59
	android:theme
		ADDED from [com.yanzhenjie:album:2.1.3] AndroidManifest.xml:38:13-56
	android:name
		ADDED from [com.yanzhenjie:album:2.1.3] AndroidManifest.xml:36:13-74
activity#com.yanzhenjie.album.app.album.NullActivity
ADDED from [com.yanzhenjie:album:2.1.3] AndroidManifest.xml:40:9-44:75
	android:windowSoftInputMode
		ADDED from [com.yanzhenjie:album:2.1.3] AndroidManifest.xml:44:13-72
	android:configChanges
		ADDED from [com.yanzhenjie:album:2.1.3] AndroidManifest.xml:42:13-59
	android:theme
		ADDED from [com.yanzhenjie:album:2.1.3] AndroidManifest.xml:43:13-56
	android:name
		ADDED from [com.yanzhenjie:album:2.1.3] AndroidManifest.xml:41:13-71
activity#com.yanzhenjie.album.app.gallery.GalleryActivity
ADDED from [com.yanzhenjie:album:2.1.3] AndroidManifest.xml:45:9-49:75
	android:windowSoftInputMode
		ADDED from [com.yanzhenjie:album:2.1.3] AndroidManifest.xml:49:13-72
	android:configChanges
		ADDED from [com.yanzhenjie:album:2.1.3] AndroidManifest.xml:47:13-59
	android:theme
		ADDED from [com.yanzhenjie:album:2.1.3] AndroidManifest.xml:48:13-56
	android:name
		ADDED from [com.yanzhenjie:album:2.1.3] AndroidManifest.xml:46:13-76
activity#com.yanzhenjie.album.app.gallery.GalleryAlbumActivity
ADDED from [com.yanzhenjie:album:2.1.3] AndroidManifest.xml:50:9-54:75
	android:windowSoftInputMode
		ADDED from [com.yanzhenjie:album:2.1.3] AndroidManifest.xml:54:13-72
	android:configChanges
		ADDED from [com.yanzhenjie:album:2.1.3] AndroidManifest.xml:52:13-59
	android:theme
		ADDED from [com.yanzhenjie:album:2.1.3] AndroidManifest.xml:53:13-56
	android:name
		ADDED from [com.yanzhenjie:album:2.1.3] AndroidManifest.xml:51:13-81
activity#com.yanzhenjie.album.app.camera.CameraActivity
ADDED from [com.yanzhenjie:album:2.1.3] AndroidManifest.xml:55:9-59:75
	android:windowSoftInputMode
		ADDED from [com.yanzhenjie:album:2.1.3] AndroidManifest.xml:59:13-72
	android:configChanges
		ADDED from [com.yanzhenjie:album:2.1.3] AndroidManifest.xml:57:13-59
	android:theme
		ADDED from [com.yanzhenjie:album:2.1.3] AndroidManifest.xml:58:13-68
	android:name
		ADDED from [com.yanzhenjie:album:2.1.3] AndroidManifest.xml:56:13-74
provider#com.yanzhenjie.album.provider.CameraFileProvider
ADDED from [com.yanzhenjie:album:2.1.3] AndroidManifest.xml:61:9-70:20
	android:grantUriPermissions
		ADDED from [com.yanzhenjie:album:2.1.3] AndroidManifest.xml:65:13-47
	android:authorities
		ADDED from [com.yanzhenjie:album:2.1.3] AndroidManifest.xml:63:13-69
	android:multiprocess
		ADDED from [com.yanzhenjie:album:2.1.3] AndroidManifest.xml:66:13-40
	android:exported
		ADDED from [com.yanzhenjie:album:2.1.3] AndroidManifest.xml:64:13-37
	android:name
		ADDED from [com.yanzhenjie:album:2.1.3] AndroidManifest.xml:62:13-76
meta-data#android.support.FILE_PROVIDER_PATHS
ADDED from [com.yanzhenjie:album:2.1.3] AndroidManifest.xml:67:13-69:65
	android:resource
		ADDED from [com.yanzhenjie:album:2.1.3] AndroidManifest.xml:69:17-62
	android:name
		ADDED from [com.yanzhenjie:album:2.1.3] AndroidManifest.xml:68:17-67
activity#com.yanzhenjie.permission.bridge.BridgeActivity
ADDED from [com.yanzhenjie.permission:support:2.0.1] AndroidManifest.xml:25:9-27:55
	android:theme
		ADDED from [com.yanzhenjie.permission:support:2.0.1] AndroidManifest.xml:27:13-52
	android:name
		ADDED from [com.yanzhenjie.permission:support:2.0.1] AndroidManifest.xml:26:13-75
provider#com.yanzhenjie.permission.FileProvider
ADDED from [com.yanzhenjie.permission:support:2.0.1] AndroidManifest.xml:29:9-37:20
	android:grantUriPermissions
		ADDED from [com.yanzhenjie.permission:support:2.0.1] AndroidManifest.xml:33:13-47
	android:authorities
		ADDED from [com.yanzhenjie.permission:support:2.0.1] AndroidManifest.xml:31:13-67
	android:exported
		ADDED from [com.yanzhenjie.permission:support:2.0.1] AndroidManifest.xml:32:13-37
	android:name
		ADDED from [com.yanzhenjie.permission:support:2.0.1] AndroidManifest.xml:30:13-66
activity#com.blankj.utilcode.util.PermissionUtils$PermissionActivity
ADDED from [com.blankj:utilcode:1.25.9] AndroidManifest.xml:10:9-15:75
	android:multiprocess
		ADDED from [com.blankj:utilcode:1.25.9] AndroidManifest.xml:13:13-40
	android:windowSoftInputMode
		ADDED from [com.blankj:utilcode:1.25.9] AndroidManifest.xml:15:13-72
	android:configChanges
		ADDED from [com.blankj:utilcode:1.25.9] AndroidManifest.xml:12:13-74
	android:theme
		ADDED from [com.blankj:utilcode:1.25.9] AndroidManifest.xml:14:13-55
	android:name
		ADDED from [com.blankj:utilcode:1.25.9] AndroidManifest.xml:11:13-87
provider#com.blankj.utilcode.util.Utils$FileProvider4UtilCode
ADDED from [com.blankj:utilcode:1.25.9] AndroidManifest.xml:17:9-26:20
	android:grantUriPermissions
		ADDED from [com.blankj:utilcode:1.25.9] AndroidManifest.xml:21:13-47
	android:authorities
		ADDED from [com.blankj:utilcode:1.25.9] AndroidManifest.xml:19:13-69
	android:multiprocess
		ADDED from [com.blankj:utilcode:1.25.9] AndroidManifest.xml:22:13-40
	android:exported
		ADDED from [com.blankj:utilcode:1.25.9] AndroidManifest.xml:20:13-37
	android:name
		ADDED from [com.blankj:utilcode:1.25.9] AndroidManifest.xml:18:13-80
service#com.blankj.utilcode.util.MessengerUtils$ServerService
ADDED from [com.blankj:utilcode:1.25.9] AndroidManifest.xml:28:9-32:19
	android:name
		ADDED from [com.blankj:utilcode:1.25.9] AndroidManifest.xml:28:18-86
intent-filter#action:name:${applicationId}.messenger
ADDED from [com.blankj:utilcode:1.25.9] AndroidManifest.xml:29:13-31:29
intent-filter#action:name:com.chatlayout.example.messenger
ADDED from [com.blankj:utilcode:1.25.9] AndroidManifest.xml:29:13-31:29
action#${applicationId}.messenger
ADDED from [com.blankj:utilcode:1.25.9] AndroidManifest.xml:30:17-69
	android:name
		ADDED from [com.blankj:utilcode:1.25.9] AndroidManifest.xml:30:25-66
action#com.chatlayout.example.messenger
ADDED from [com.blankj:utilcode:1.25.9] AndroidManifest.xml:30:17-69
	android:name
		ADDED from [com.blankj:utilcode:1.25.9] AndroidManifest.xml:30:25-66